<?xml version="1.0" encoding="UTF-8"?>
<testsuites name="jest tests" tests="67" failures="0" time="31.888">
  <testsuite name="conventional-changelog-ori" errors="0" failures="0" skipped="0" timestamp="2020-10-02T21:56:25" time="30.499" tests="57">
    <testcase classname="conventional-changelog-ori supports all types at once" name="conventional-changelog-ori supports all types at once" time="2.413">
    </testcase>
    <testcase classname="conventional-changelog-ori works if there is no semver tag" name="conventional-changelog-ori works if there is no semver tag" time="1.34">
    </testcase>
    <testcase classname="conventional-changelog-ori works if there is a semver tag" name="conventional-changelog-ori works if there is a semver tag" time="0.423">
    </testcase>
    <testcase classname="conventional-changelog-ori works with unknown host" name="conventional-changelog-ori works with unknown host" time="0.334">
    </testcase>
    <testcase classname="conventional-changelog-ori uses h1 for major versions" name="conventional-changelog-ori uses h1 for major versions" time="0.54">
    </testcase>
    <testcase classname="conventional-changelog-ori uses h2 for minor versions" name="conventional-changelog-ori uses h2 for minor versions" time="0.643">
    </testcase>
    <testcase classname="conventional-changelog-ori uses h3 for patch versions" name="conventional-changelog-ori uses h3 for patch versions" time="0.448">
    </testcase>
    <testcase classname="conventional-changelog-ori replaces #[0-9]+ with issue URL" name="conventional-changelog-ori replaces #[0-9]+ with issue URL" time="0.336">
    </testcase>
    <testcase classname="conventional-changelog-ori replaces @username with GitHub user URL" name="conventional-changelog-ori replaces @username with GitHub user URL" time="0.335">
    </testcase>
    <testcase classname="conventional-changelog-ori doesnt replace @username if wrapped in backticks" name="conventional-changelog-ori doesnt replace @username if wrapped in backticks" time="0.333">
    </testcase>
    <testcase classname="conventional-changelog-ori handles multiple notes" name="conventional-changelog-ori handles multiple notes" time="0.448">
    </testcase>
    <testcase classname="conventional-changelog-ori links commits/issues to deep repositories correctly" name="conventional-changelog-ori links commits/issues to deep repositories correctly" time="0.335">
    </testcase>
    <testcase classname="conventional-changelog-ori supports non public GitHub repository locations" name="conventional-changelog-ori supports non public GitHub repository locations" time="0.439">
    </testcase>
    <testcase classname="conventional-changelog-ori only replaces with link to user if it is an username" name="conventional-changelog-ori only replaces with link to user if it is an username" time="0.435">
    </testcase>
    <testcase classname="conventional-changelog-ori handles merge commits" name="conventional-changelog-ori handles merge commits" time="0.443">
    </testcase>
    <testcase classname="conventional-changelog-ori handles revert type" name="conventional-changelog-ori handles revert type" time="0.436">
    </testcase>
    <testcase classname="conventional-changelog-ori recommended bump bumps major version for break" name="conventional-changelog-ori recommended bump bumps major version for break" time="0.359">
    </testcase>
    <testcase classname="conventional-changelog-ori recommended bump bumps major version for breaking" name="conventional-changelog-ori recommended bump bumps major version for breaking" time="0.35">
    </testcase>
    <testcase classname="conventional-changelog-ori recommended bump bumps major version for release" name="conventional-changelog-ori recommended bump bumps major version for release" time="0.351">
    </testcase>
    <testcase classname="conventional-changelog-ori recommended bump bumps major version for break with azure devops prefix" name="conventional-changelog-ori recommended bump bumps major version for break with azure devops prefix" time="0.378">
    </testcase>
    <testcase classname="conventional-changelog-ori recommended bump bumps major version for breaking with azure devops prefix" name="conventional-changelog-ori recommended bump bumps major version for breaking with azure devops prefix" time="0.358">
    </testcase>
    <testcase classname="conventional-changelog-ori recommended bump bumps major version for release with azure devops prefix" name="conventional-changelog-ori recommended bump bumps major version for release with azure devops prefix" time="0.371">
    </testcase>
    <testcase classname="conventional-changelog-ori recommended bump bumps minor version for new" name="conventional-changelog-ori recommended bump bumps minor version for new" time="0.371">
    </testcase>
    <testcase classname="conventional-changelog-ori recommended bump bumps minor version for update" name="conventional-changelog-ori recommended bump bumps minor version for update" time="0.373">
    </testcase>
    <testcase classname="conventional-changelog-ori recommended bump bumps minor version for feature" name="conventional-changelog-ori recommended bump bumps minor version for feature" time="0.362">
    </testcase>
    <testcase classname="conventional-changelog-ori recommended bump bumps minor version for new with azure devops prefix" name="conventional-changelog-ori recommended bump bumps minor version for new with azure devops prefix" time="0.35">
    </testcase>
    <testcase classname="conventional-changelog-ori recommended bump bumps minor version for update with azure devops prefix" name="conventional-changelog-ori recommended bump bumps minor version for update with azure devops prefix" time="0.354">
    </testcase>
    <testcase classname="conventional-changelog-ori recommended bump bumps minor version for feature with azure devops prefix" name="conventional-changelog-ori recommended bump bumps minor version for feature with azure devops prefix" time="0.357">
    </testcase>
    <testcase classname="conventional-changelog-ori recommended bump bumps patch version for fix" name="conventional-changelog-ori recommended bump bumps patch version for fix" time="0.354">
    </testcase>
    <testcase classname="conventional-changelog-ori recommended bump bumps patch version for deps" name="conventional-changelog-ori recommended bump bumps patch version for deps" time="0.392">
    </testcase>
    <testcase classname="conventional-changelog-ori recommended bump bumps patch version for style" name="conventional-changelog-ori recommended bump bumps patch version for style" time="0.373">
    </testcase>
    <testcase classname="conventional-changelog-ori recommended bump bumps patch version for security" name="conventional-changelog-ori recommended bump bumps patch version for security" time="0.391">
    </testcase>
    <testcase classname="conventional-changelog-ori recommended bump bumps patch version for revert" name="conventional-changelog-ori recommended bump bumps patch version for revert" time="0.379">
    </testcase>
    <testcase classname="conventional-changelog-ori recommended bump bumps patch version for misc" name="conventional-changelog-ori recommended bump bumps patch version for misc" time="0.356">
    </testcase>
    <testcase classname="conventional-changelog-ori recommended bump bumps patch version for type" name="conventional-changelog-ori recommended bump bumps patch version for type" time="0.352">
    </testcase>
    <testcase classname="conventional-changelog-ori recommended bump bumps patch version for types" name="conventional-changelog-ori recommended bump bumps patch version for types" time="0.356">
    </testcase>
    <testcase classname="conventional-changelog-ori recommended bump bumps patch version for fix with devops prefix" name="conventional-changelog-ori recommended bump bumps patch version for fix with devops prefix" time="0.374">
    </testcase>
    <testcase classname="conventional-changelog-ori recommended bump bumps patch version for deps with devops prefix" name="conventional-changelog-ori recommended bump bumps patch version for deps with devops prefix" time="0.361">
    </testcase>
    <testcase classname="conventional-changelog-ori recommended bump bumps patch version for style with devops prefix" name="conventional-changelog-ori recommended bump bumps patch version for style with devops prefix" time="0.354">
    </testcase>
    <testcase classname="conventional-changelog-ori recommended bump bumps patch version for security with devops prefix" name="conventional-changelog-ori recommended bump bumps patch version for security with devops prefix" time="0.378">
    </testcase>
    <testcase classname="conventional-changelog-ori recommended bump bumps patch version for revert with devops prefix" name="conventional-changelog-ori recommended bump bumps patch version for revert with devops prefix" time="0.371">
    </testcase>
    <testcase classname="conventional-changelog-ori recommended bump bumps patch version for misc with devops prefix" name="conventional-changelog-ori recommended bump bumps patch version for misc with devops prefix" time="0.364">
    </testcase>
    <testcase classname="conventional-changelog-ori recommended bump bumps patch version for type with devops prefix" name="conventional-changelog-ori recommended bump bumps patch version for type with devops prefix" time="0.435">
    </testcase>
    <testcase classname="conventional-changelog-ori recommended bump bumps patch version for types with devops prefix" name="conventional-changelog-ori recommended bump bumps patch version for types with devops prefix" time="0.432">
    </testcase>
    <testcase classname="conventional-changelog-ori recommended bump doesn&apos;t bump version for docs" name="conventional-changelog-ori recommended bump doesn&apos;t bump version for docs" time="0.438">
    </testcase>
    <testcase classname="conventional-changelog-ori recommended bump doesn&apos;t bump version for ci" name="conventional-changelog-ori recommended bump doesn&apos;t bump version for ci" time="0.44">
    </testcase>
    <testcase classname="conventional-changelog-ori recommended bump doesn&apos;t bump version for build" name="conventional-changelog-ori recommended bump doesn&apos;t bump version for build" time="0.45">
    </testcase>
    <testcase classname="conventional-changelog-ori recommended bump doesn&apos;t bump version for test" name="conventional-changelog-ori recommended bump doesn&apos;t bump version for test" time="0.451">
    </testcase>
    <testcase classname="conventional-changelog-ori recommended bump doesn&apos;t bump version for tests" name="conventional-changelog-ori recommended bump doesn&apos;t bump version for tests" time="0.491">
    </testcase>
    <testcase classname="conventional-changelog-ori recommended bump doesn&apos;t bump version for internal" name="conventional-changelog-ori recommended bump doesn&apos;t bump version for internal" time="0.421">
    </testcase>
    <testcase classname="conventional-changelog-ori recommended bump doesn&apos;t bump version for docs with devops prefix" name="conventional-changelog-ori recommended bump doesn&apos;t bump version for docs with devops prefix" time="0.403">
    </testcase>
    <testcase classname="conventional-changelog-ori recommended bump doesn&apos;t bump version for ci with devops prefix" name="conventional-changelog-ori recommended bump doesn&apos;t bump version for ci with devops prefix" time="0.421">
    </testcase>
    <testcase classname="conventional-changelog-ori recommended bump doesn&apos;t bump version for build with devops prefix" name="conventional-changelog-ori recommended bump doesn&apos;t bump version for build with devops prefix" time="0.401">
    </testcase>
    <testcase classname="conventional-changelog-ori recommended bump doesn&apos;t bump version for test with devops prefix" name="conventional-changelog-ori recommended bump doesn&apos;t bump version for test with devops prefix" time="0.422">
    </testcase>
    <testcase classname="conventional-changelog-ori recommended bump doesn&apos;t bump version for tests with devops prefix" name="conventional-changelog-ori recommended bump doesn&apos;t bump version for tests with devops prefix" time="0.375">
    </testcase>
    <testcase classname="conventional-changelog-ori recommended bump doesn&apos;t bump version for internal with devops prefix" name="conventional-changelog-ori recommended bump doesn&apos;t bump version for internal with devops prefix" time="0.372">
    </testcase>
    <testcase classname="conventional-changelog-ori recommended bump does nothing when no type exist" name="conventional-changelog-ori recommended bump does nothing when no type exist" time="0.364">
    </testcase>
  </testsuite>
  <testsuite name="checkCommitFormat()" errors="0" failures="0" skipped="0" timestamp="2020-10-02T21:56:56" time="0.61" tests="8">
    <testcase classname="checkCommitFormat() returns null when no match" name="checkCommitFormat() returns null when no match" time="0.002">
    </testcase>
    <testcase classname="checkCommitFormat() returns the type without scope" name="checkCommitFormat() returns the type without scope" time="0.001">
    </testcase>
    <testcase classname="checkCommitFormat() returns the type and scope" name="checkCommitFormat() returns the type and scope" time="0.001">
    </testcase>
    <testcase classname="checkCommitFormat() supports dashes and numbers" name="checkCommitFormat() supports dashes and numbers" time="0">
    </testcase>
    <testcase classname="checkCommitFormat() supports comma separated" name="checkCommitFormat() supports comma separated" time="0">
    </testcase>
    <testcase classname="checkCommitFormat() supports upper case scopes" name="checkCommitFormat() supports upper case scopes" time="0.001">
    </testcase>
    <testcase classname="checkCommitFormat() supports spaces" name="checkCommitFormat() supports spaces" time="0">
    </testcase>
    <testcase classname="checkCommitFormat() supports azure devops format" name="checkCommitFormat() supports azure devops format" time="0.001">
    </testcase>
  </testsuite>
  <testsuite name="getTypeGroup()" errors="0" failures="0" skipped="0" timestamp="2020-10-02T21:56:57" time="0.55" tests="2">
    <testcase classname="getTypeGroup() returns the group by type" name="getTypeGroup() returns the group by type" time="0.002">
    </testcase>
    <testcase classname="getTypeGroup() errors for invalid type" name="getTypeGroup() errors for invalid type" time="0.002">
    </testcase>
  </testsuite>
</testsuites>